Arguments: 
  /usr/bin/node /usr/share/yarn/bin/yarn.js install

PATH: 
  /usr/local/sbin:/usr/local/bin:/usr/sbin:/usr/bin:/sbin:/bin:/usr/games:/usr/local/games:/snap/bin:/home/biagini/.dotnet/tools

Yarn version: 
  1.21.1

Node version: 
  12.13.1

Platform: 
  linux x64

Trace: 
  SyntaxError: /home/biagini/Downloads/projetoweb-part3-master (outra cópia)/package.json: Unexpected token , in JSON at position 134
      at JSON.parse (<anonymous>)
      at /usr/share/yarn/lib/cli.js:1625:59
      at Generator.next (<anonymous>)
      at step (/usr/share/yarn/lib/cli.js:310:30)
      at /usr/share/yarn/lib/cli.js:321:13

npm manifest: 
  {
    "name": "projeto",
    "version": "1.0.0",
    "description": "",
    "main": "server.js",
    "dependencies": {
      "express": "^4.17.1",,
      "hbs": "^4.0.6",
      "mongoose": "^5.7.8",
      "router": "^1.3.3"
    },
    "devDependencies": {
      "nodemon": "^2.0.2"
    },
    "scripts": {
      "start": "nodemon server.js"
    },
    "author": "",
    "license": "ISC"
  }

yarn manifest: 
  No manifest

Lockfile: 
  No lockfile
